# JRE version: Java(TM) SE Runtime Environment (8.0_191-b12) (build 1.8.0_191-b12)
# Java VM: Java HotSpot(TM) 64-Bit Server VM (25.191-b12 mixed mode windows-amd64 compressed oops)
Heap:
 PSYoungGen      total 444928K, used 189017K [0x00000000d5f00000, 0x0000000100000000, 0x0000000100000000)
  eden space 405504K, 46% used [0x00000000d5f00000,0x00000000e1796408,0x00000000eeb00000)
  from space 39424K, 0% used [0x00000000eeb00000,0x00000000eeb00000,0x00000000f1180000)
  to   space 55296K, 0% used [0x00000000fca00000,0x00000000fca00000,0x0000000100000000)
 ParOldGen       total 110080K, used 58001K [0x0000000081c00000, 0x0000000088780000, 0x00000000d5f00000)
  object space 110080K, 52% used [0x0000000081c00000,0x00000000854a4548,0x0000000088780000)
 Metaspace       used 18046K, capacity 18242K, committed 18432K, reserved 1064960K
  class space    used 2177K, capacity 2254K, committed 2304K, reserved 1048576K
GC Heap History (10 events):
Event: 10.129 GC heap before
{Heap before GC invocations=10 (full 0):
 PSYoungGen      total 291328K, used 270731K [0x00000000d5f00000, 0x00000000f3080000, 0x0000000100000000)
  eden space 258048K, 100% used [0x00000000d5f00000,0x00000000e5b00000,0x00000000e5b00000)
  from space 33280K, 38% used [0x00000000e5b00000,0x00000000e6762ee8,0x00000000e7b80000)
  to   space 31744K, 0% used [0x00000000f1180000,0x00000000f1180000,0x00000000f3080000)
 ParOldGen       total 87552K, used 52413K [0x0000000081c00000, 0x0000000087180000, 0x00000000d5f00000)
  object space 87552K, 59% used [0x0000000081c00000,0x0000000084f2f7e0,0x0000000087180000)
 Metaspace       used 17889K, capacity 18114K, committed 18432K, reserved 1064960K
  class space    used 2177K, capacity 2254K, committed 2304K, reserved 1048576K
Event: 10.157 GC heap after
Heap after GC invocations=10 (full 0):
 PSYoungGen      total 437248K, used 31725K [0x00000000d5f00000, 0x00000000f3f80000, 0x0000000100000000)
  eden space 405504K, 0% used [0x00000000d5f00000,0x00000000d5f00000,0x00000000eeb00000)
  from space 31744K, 99% used [0x00000000f1180000,0x00000000f307b4e8,0x00000000f3080000)
  to   space 39424K, 0% used [0x00000000eeb00000,0x00000000eeb00000,0x00000000f1180000)
 ParOldGen       total 87552K, used 60406K [0x0000000081c00000, 0x0000000087180000, 0x00000000d5f00000)
  object space 87552K, 68% used [0x0000000081c00000,0x00000000856fdb70,0x0000000087180000)
 Metaspace       used 17889K, capacity 18114K, committed 18432K, reserved 1064960K
  class space    used 2177K, capacity 2254K, committed 2304K, reserved 1048576K
}
Event: 10.516 GC heap before
{Heap before GC invocations=11 (full 0):
 PSYoungGen      total 437248K, used 437229K [0x00000000d5f00000, 0x00000000f3f80000, 0x0000000100000000)
  eden space 405504K, 100% used [0x00000000d5f00000,0x00000000eeb00000,0x00000000eeb00000)
  from space 31744K, 99% used [0x00000000f1180000,0x00000000f307b4e8,0x00000000f3080000)
  to   space 39424K, 0% used [0x00000000eeb00000,0x00000000eeb00000,0x00000000f1180000)
 ParOldGen       total 87552K, used 60406K [0x0000000081c00000, 0x0000000087180000, 0x00000000d5f00000)
  object space 87552K, 68% used [0x0000000081c00000,0x00000000856fdb70,0x0000000087180000)
 Metaspace       used 17909K, capacity 18114K, committed 18432K, reserved 1064960K
  class space    used 2177K, capacity 2254K, committed 2304K, reserved 1048576K
Event: 10.544 GC heap after
Heap after GC invocations=11 (full 0):
 PSYoungGen      total 444928K, used 35341K [0x00000000d5f00000, 0x00000000f3f80000, 0x0000000100000000)
  eden space 405504K, 0% used [0x00000000d5f00000,0x00000000d5f00000,0x00000000eeb00000)
  from space 39424K, 89% used [0x00000000eeb00000,0x00000000f0d837c0,0x00000000f1180000)
  to   space 31744K, 0% used [0x00000000f1180000,0x00000000f1180000,0x00000000f3080000)
 ParOldGen       total 87552K, used 64910K [0x0000000081c00000, 0x0000000087180000, 0x00000000d5f00000)
  object space 87552K, 74% used [0x0000000081c00000,0x0000000085b63940,0x0000000087180000)
 Metaspace       used 17909K, capacity 18114K, committed 18432K, reserved 1064960K
  class space    used 2177K, capacity 2254K, committed 2304K, reserved 1048576K
}
Event: 13.052 GC heap before
{Heap before GC invocations=12 (full 0):
 PSYoungGen      total 444928K, used 440845K [0x00000000d5f00000, 0x00000000f3f80000, 0x0000000100000000)
  eden space 405504K, 100% used [0x00000000d5f00000,0x00000000eeb00000,0x00000000eeb00000)
  from space 39424K, 89% used [0x00000000eeb00000,0x00000000f0d837c0,0x00000000f1180000)
  to   space 31744K, 0% used [0x00000000f1180000,0x00000000f1180000,0x00000000f3080000)
 ParOldGen       total 87552K, used 64910K [0x0000000081c00000, 0x0000000087180000, 0x00000000d5f00000)
  object space 87552K, 74% used [0x0000000081c00000,0x0000000085b63940,0x0000000087180000)
 Metaspace       used 17999K, capacity 18242K, committed 18432K, reserved 1064960K
  class space    used 2177K, capacity 2254K, committed 2304K, reserved 1048576K
Event: 13.087 GC heap after
Heap after GC invocations=12 (full 0):
 PSYoungGen      total 437248K, used 31732K [0x00000000d5f00000, 0x00000000f3f80000, 0x0000000100000000)
  eden space 405504K, 0% used [0x00000000d5f00000,0x00000000d5f00000,0x00000000eeb00000)
  from space 31744K, 99% used [0x00000000f1180000,0x00000000f307d210,0x00000000f3080000)
  to   space 39424K, 0% used [0x00000000eeb00000,0x00000000eeb00000,0x00000000f1180000)
 ParOldGen       total 87552K, used 69686K [0x0000000081c00000, 0x0000000087180000, 0x00000000d5f00000)
  object space 87552K, 79% used [0x0000000081c00000,0x000000008600dbd0,0x0000000087180000)
 Metaspace       used 17999K, capacity 18242K, committed 18432K, reserved 1064960K
  class space    used 2177K, capacity 2254K, committed 2304K, reserved 1048576K
}
Event: 14.870 GC heap before
{Heap before GC invocations=13 (full 0):
 PSYoungGen      total 437248K, used 437236K [0x00000000d5f00000, 0x00000000f3f80000, 0x0000000100000000)
  eden space 405504K, 100% used [0x00000000d5f00000,0x00000000eeb00000,0x00000000eeb00000)
  from space 31744K, 99% used [0x00000000f1180000,0x00000000f307d210,0x00000000f3080000)
  to   space 39424K, 0% used [0x00000000eeb00000,0x00000000eeb00000,0x00000000f1180000)
 ParOldGen       total 87552K, used 69686K [0x0000000081c00000, 0x0000000087180000, 0x00000000d5f00000)
  object space 87552K, 79% used [0x0000000081c00000,0x000000008600dbd0,0x0000000087180000)
 Metaspace       used 18011K, capacity 18242K, committed 18432K, reserved 1064960K
  class space    used 2177K, capacity 2254K, committed 2304K, reserved 1048576K
Event: 14.921 GC heap after
Heap after GC invocations=13 (full 0):
 PSYoungGen      total 444928K, used 39392K [0x00000000d5f00000, 0x0000000100000000, 0x0000000100000000)
  eden space 405504K, 0% used [0x00000000d5f00000,0x00000000d5f00000,0x00000000eeb00000)
  from space 39424K, 99% used [0x00000000eeb00000,0x00000000f11783c8,0x00000000f1180000)
  to   space 55296K, 0% used [0x00000000fca00000,0x00000000fca00000,0x0000000100000000)
 ParOldGen       total 87552K, used 78896K [0x0000000081c00000, 0x0000000087180000, 0x00000000d5f00000)
  object space 87552K, 90% used [0x0000000081c00000,0x000000008690c010,0x0000000087180000)
 Metaspace       used 18011K, capacity 18242K, committed 18432K, reserved 1064960K
  class space    used 2177K, capacity 2254K, committed 2304K, reserved 1048576K
}
Event: 14.921 GC heap before
{Heap before GC invocations=14 (full 1):
 PSYoungGen      total 444928K, used 39392K [0x00000000d5f00000, 0x0000000100000000, 0x0000000100000000)
  eden space 405504K, 0% used [0x00000000d5f00000,0x00000000d5f00000,0x00000000eeb00000)
  from space 39424K, 99% used [0x00000000eeb00000,0x00000000f11783c8,0x00000000f1180000)
  to   space 55296K, 0% used [0x00000000fca00000,0x00000000fca00000,0x0000000100000000)
 ParOldGen       total 87552K, used 78896K [0x0000000081c00000, 0x0000000087180000, 0x00000000d5f00000)
  object space 87552K, 90% used [0x0000000081c00000,0x000000008690c010,0x0000000087180000)
 Metaspace       used 18011K, capacity 18242K, committed 18432K, reserved 1064960K
  class space    used 2177K, capacity 2254K, committed 2304K, reserved 1048576K
Event: 15.062 GC heap after
Heap after GC invocations=14 (full 1):
 PSYoungGen      total 444928K, used 0K [0x00000000d5f00000, 0x0000000100000000, 0x0000000100000000)
  eden space 405504K, 0% used [0x00000000d5f00000,0x00000000d5f00000,0x00000000eeb00000)
  from space 39424K, 0% used [0x00000000eeb00000,0x00000000eeb00000,0x00000000f1180000)
  to   space 55296K, 0% used [0x00000000fca00000,0x00000000fca00000,0x0000000100000000)
 ParOldGen       total 110080K, used 58001K [0x0000000081c00000, 0x0000000088780000, 0x00000000d5f00000)
  object space 110080K, 52% used [0x0000000081c00000,0x00000000854a4548,0x0000000088780000)
 Metaspace       used 18011K, capacity 18242K, committed 18432K, reserved 1064960K
  class space    used 2177K, capacity 2254K, committed 2304K, reserved 1048576K
}

