# JRE version: Java(TM) SE Runtime Environment (8.0_191-b12) (build 1.8.0_191-b12)
# Java VM: Java HotSpot(TM) 64-Bit Server VM (25.191-b12 mixed mode windows-amd64 compressed oops)
Heap:
 PSYoungGen      total 157696K, used 106859K [0x00000000d5f00000, 0x00000000e1b00000, 0x0000000100000000)
  eden space 128000K, 62% used [0x00000000d5f00000,0x00000000dacb5a80,0x00000000ddc00000)
  from space 29696K, 91% used [0x00000000ddc00000,0x00000000df6a5358,0x00000000df900000)
  to   space 24576K, 0% used [0x00000000df900000,0x00000000df900000,0x00000000e1100000)
 ParOldGen       total 87552K, used 33926K [0x0000000081c00000, 0x0000000087180000, 0x00000000d5f00000)
  object space 87552K, 38% used [0x0000000081c00000,0x0000000083d21b80,0x0000000087180000)
 Metaspace       used 17187K, capacity 17434K, committed 17664K, reserved 1064960K
  class space    used 2148K, capacity 2222K, committed 2304K, reserved 1048576K
GC Heap History (10 events):
Event: 8.263 GC heap before
{Heap before GC invocations=3 (full 0):
 PSYoungGen      total 38400K, used 38380K [0x00000000d5f00000, 0x00000000d8980000, 0x0000000100000000)
  eden space 33280K, 100% used [0x00000000d5f00000,0x00000000d7f80000,0x00000000d7f80000)
  from space 5120K, 99% used [0x00000000d8480000,0x00000000d897b2b0,0x00000000d8980000)
  to   space 5120K, 0% used [0x00000000d7f80000,0x00000000d7f80000,0x00000000d8480000)
 ParOldGen       total 87552K, used 27736K [0x0000000081c00000, 0x0000000087180000, 0x00000000d5f00000)
  object space 87552K, 31% used [0x0000000081c00000,0x00000000837160d8,0x0000000087180000)
 Metaspace       used 15091K, capacity 15240K, committed 15360K, reserved 1062912K
  class space    used 1957K, capacity 2028K, committed 2048K, reserved 1048576K
Event: 8.266 GC heap after
Heap after GC invocations=3 (full 0):
 PSYoungGen      total 38400K, used 5100K [0x00000000d5f00000, 0x00000000daa00000, 0x0000000100000000)
  eden space 33280K, 0% used [0x00000000d5f00000,0x00000000d5f00000,0x00000000d7f80000)
  from space 5120K, 99% used [0x00000000d7f80000,0x00000000d847b2b0,0x00000000d8480000)
  to   space 5120K, 0% used [0x00000000da500000,0x00000000da500000,0x00000000daa00000)
 ParOldGen       total 87552K, used 27752K [0x0000000081c00000, 0x0000000087180000, 0x00000000d5f00000)
  object space 87552K, 31% used [0x0000000081c00000,0x000000008371a0d8,0x0000000087180000)
 Metaspace       used 15091K, capacity 15240K, committed 15360K, reserved 1062912K
  class space    used 1957K, capacity 2028K, committed 2048K, reserved 1048576K
}
Event: 8.332 GC heap before
{Heap before GC invocations=4 (full 0):
 PSYoungGen      total 38400K, used 38380K [0x00000000d5f00000, 0x00000000daa00000, 0x0000000100000000)
  eden space 33280K, 100% used [0x00000000d5f00000,0x00000000d7f80000,0x00000000d7f80000)
  from space 5120K, 99% used [0x00000000d7f80000,0x00000000d847b2b0,0x00000000d8480000)
  to   space 5120K, 0% used [0x00000000da500000,0x00000000da500000,0x00000000daa00000)
 ParOldGen       total 87552K, used 27752K [0x0000000081c00000, 0x0000000087180000, 0x00000000d5f00000)
  object space 87552K, 31% used [0x0000000081c00000,0x000000008371a0d8,0x0000000087180000)
 Metaspace       used 15091K, capacity 15240K, committed 15360K, reserved 1062912K
  class space    used 1957K, capacity 2028K, committed 2048K, reserved 1048576K
Event: 8.337 GC heap after
Heap after GC invocations=4 (full 0):
 PSYoungGen      total 71680K, used 5100K [0x00000000d5f00000, 0x00000000daa00000, 0x0000000100000000)
  eden space 66560K, 0% used [0x00000000d5f00000,0x00000000d5f00000,0x00000000da000000)
  from space 5120K, 99% used [0x00000000da500000,0x00000000da9fb2b0,0x00000000daa00000)
  to   space 5120K, 0% used [0x00000000da000000,0x00000000da000000,0x00000000da500000)
 ParOldGen       total 87552K, used 27784K [0x0000000081c00000, 0x0000000087180000, 0x00000000d5f00000)
  object space 87552K, 31% used [0x0000000081c00000,0x00000000837220d8,0x0000000087180000)
 Metaspace       used 15091K, capacity 15240K, committed 15360K, reserved 1062912K
  class space    used 1957K, capacity 2028K, committed 2048K, reserved 1048576K
}
Event: 8.508 GC heap before
{Heap before GC invocations=5 (full 0):
 PSYoungGen      total 71680K, used 71660K [0x00000000d5f00000, 0x00000000daa00000, 0x0000000100000000)
  eden space 66560K, 100% used [0x00000000d5f00000,0x00000000da000000,0x00000000da000000)
  from space 5120K, 99% used [0x00000000da500000,0x00000000da9fb2b0,0x00000000daa00000)
  to   space 5120K, 0% used [0x00000000da000000,0x00000000da000000,0x00000000da500000)
 ParOldGen       total 87552K, used 27784K [0x0000000081c00000, 0x0000000087180000, 0x00000000d5f00000)
  object space 87552K, 31% used [0x0000000081c00000,0x00000000837220d8,0x0000000087180000)
 Metaspace       used 15296K, capacity 15528K, committed 15744K, reserved 1062912K
  class space    used 1978K, capacity 2060K, committed 2176K, reserved 1048576K
Event: 8.514 GC heap after
Heap after GC invocations=5 (full 0):
 PSYoungGen      total 71680K, used 5096K [0x00000000d5f00000, 0x00000000e1100000, 0x0000000100000000)
  eden space 66560K, 0% used [0x00000000d5f00000,0x00000000d5f00000,0x00000000da000000)
  from space 5120K, 99% used [0x00000000da000000,0x00000000da4fa0c8,0x00000000da500000)
  to   space 24576K, 0% used [0x00000000df900000,0x00000000df900000,0x00000000e1100000)
 ParOldGen       total 87552K, used 30146K [0x0000000081c00000, 0x0000000087180000, 0x00000000d5f00000)
  object space 87552K, 34% used [0x0000000081c00000,0x0000000083970a40,0x0000000087180000)
 Metaspace       used 15296K, capacity 15528K, committed 15744K, reserved 1062912K
  class space    used 1978K, capacity 2060K, committed 2176K, reserved 1048576K
}
Event: 9.164 GC heap before
{Heap before GC invocations=6 (full 0):
 PSYoungGen      total 71680K, used 71656K [0x00000000d5f00000, 0x00000000e1100000, 0x0000000100000000)
  eden space 66560K, 100% used [0x00000000d5f00000,0x00000000da000000,0x00000000da000000)
  from space 5120K, 99% used [0x00000000da000000,0x00000000da4fa0c8,0x00000000da500000)
  to   space 24576K, 0% used [0x00000000df900000,0x00000000df900000,0x00000000e1100000)
 ParOldGen       total 87552K, used 30146K [0x0000000081c00000, 0x0000000087180000, 0x00000000d5f00000)
  object space 87552K, 34% used [0x0000000081c00000,0x0000000083970a40,0x0000000087180000)
 Metaspace       used 16958K, capacity 17170K, committed 17408K, reserved 1064960K
  class space    used 2145K, capacity 2222K, committed 2304K, reserved 1048576K
Event: 9.190 GC heap after
Heap after GC invocations=6 (full 0):
 PSYoungGen      total 152576K, used 23372K [0x00000000d5f00000, 0x00000000e1b00000, 0x0000000100000000)
  eden space 128000K, 0% used [0x00000000d5f00000,0x00000000d5f00000,0x00000000ddc00000)
  from space 24576K, 95% used [0x00000000df900000,0x00000000e0fd3158,0x00000000e1100000)
  to   space 29696K, 0% used [0x00000000ddc00000,0x00000000ddc00000,0x00000000df900000)
 ParOldGen       total 87552K, used 30154K [0x0000000081c00000, 0x0000000087180000, 0x00000000d5f00000)
  object space 87552K, 34% used [0x0000000081c00000,0x0000000083972a40,0x0000000087180000)
 Metaspace       used 16958K, capacity 17170K, committed 17408K, reserved 1064960K
  class space    used 2145K, capacity 2222K, committed 2304K, reserved 1048576K
}
Event: 25.566 GC heap before
{Heap before GC invocations=7 (full 0):
 PSYoungGen      total 152576K, used 151372K [0x00000000d5f00000, 0x00000000e1b00000, 0x0000000100000000)
  eden space 128000K, 100% used [0x00000000d5f00000,0x00000000ddc00000,0x00000000ddc00000)
  from space 24576K, 95% used [0x00000000df900000,0x00000000e0fd3158,0x00000000e1100000)
  to   space 29696K, 0% used [0x00000000ddc00000,0x00000000ddc00000,0x00000000df900000)
 ParOldGen       total 87552K, used 30154K [0x0000000081c00000, 0x0000000087180000, 0x00000000d5f00000)
  object space 87552K, 34% used [0x0000000081c00000,0x0000000083972a40,0x0000000087180000)
 Metaspace       used 17154K, capacity 17370K, committed 17664K, reserved 1064960K
  class space    used 2148K, capacity 2222K, committed 2304K, reserved 1048576K
Event: 25.584 GC heap after
Heap after GC invocations=7 (full 0):
 PSYoungGen      total 157696K, used 27284K [0x00000000d5f00000, 0x00000000e1b00000, 0x0000000100000000)
  eden space 128000K, 0% used [0x00000000d5f00000,0x00000000d5f00000,0x00000000ddc00000)
  from space 29696K, 91% used [0x00000000ddc00000,0x00000000df6a5358,0x00000000df900000)
  to   space 24576K, 0% used [0x00000000df900000,0x00000000df900000,0x00000000e1100000)
 ParOldGen       total 87552K, used 33926K [0x0000000081c00000, 0x0000000087180000, 0x00000000d5f00000)
  object space 87552K, 38% used [0x0000000081c00000,0x0000000083d21b80,0x0000000087180000)
 Metaspace       used 17154K, capacity 17370K, committed 17664K, reserved 1064960K
  class space    used 2148K, capacity 2222K, committed 2304K, reserved 1048576K
}

