# JRE version: Java(TM) SE Runtime Environment (8.0_191-b12) (build 1.8.0_191-b12)
# Java VM: Java HotSpot(TM) 64-Bit Server VM (25.191-b12 mixed mode windows-amd64 compressed oops)
Heap:
 PSYoungGen      total 155136K, used 58869K [0x00000000d5f00000, 0x00000000e0c00000, 0x0000000100000000)
  eden space 133120K, 27% used [0x00000000d5f00000,0x00000000d8321bf0,0x00000000de100000)
  from space 22016K, 99% used [0x00000000de100000,0x00000000df65b8d0,0x00000000df680000)
  to   space 20992K, 0% used [0x00000000df780000,0x00000000df780000,0x00000000e0c00000)
 ParOldGen       total 87552K, used 38193K [0x0000000081c00000, 0x0000000087180000, 0x00000000d5f00000)
  object space 87552K, 43% used [0x0000000081c00000,0x000000008414c5f0,0x0000000087180000)
 Metaspace       used 17218K, capacity 17370K, committed 17664K, reserved 1064960K
  class space    used 2165K, capacity 2222K, committed 2304K, reserved 1048576K
GC Heap History (10 events):
Event: 3.401 GC heap before
{Heap before GC invocations=3 (full 0):
 PSYoungGen      total 38400K, used 38374K [0x00000000d5f00000, 0x00000000daa00000, 0x0000000100000000)
  eden space 33280K, 100% used [0x00000000d5f00000,0x00000000d7f80000,0x00000000d7f80000)
  from space 5120K, 99% used [0x00000000d8480000,0x00000000d8979838,0x00000000d8980000)
  to   space 5120K, 0% used [0x00000000d7f80000,0x00000000d7f80000,0x00000000d8480000)
 ParOldGen       total 87552K, used 26636K [0x0000000081c00000, 0x0000000087180000, 0x00000000d5f00000)
  object space 87552K, 30% used [0x0000000081c00000,0x0000000083603030,0x0000000087180000)
 Metaspace       used 14451K, capacity 14704K, committed 14848K, reserved 1062912K
  class space    used 1905K, capacity 1996K, committed 2048K, reserved 1048576K
Event: 3.407 GC heap after
Heap after GC invocations=3 (full 0):
 PSYoungGen      total 38400K, used 5101K [0x00000000d5f00000, 0x00000000daa00000, 0x0000000100000000)
  eden space 33280K, 0% used [0x00000000d5f00000,0x00000000d5f00000,0x00000000d7f80000)
  from space 5120K, 99% used [0x00000000d7f80000,0x00000000d847b428,0x00000000d8480000)
  to   space 5120K, 0% used [0x00000000da500000,0x00000000da500000,0x00000000daa00000)
 ParOldGen       total 87552K, used 28931K [0x0000000081c00000, 0x0000000087180000, 0x00000000d5f00000)
  object space 87552K, 33% used [0x0000000081c00000,0x0000000083840e60,0x0000000087180000)
 Metaspace       used 14451K, capacity 14704K, committed 14848K, reserved 1062912K
  class space    used 1905K, capacity 1996K, committed 2048K, reserved 1048576K
}
Event: 3.473 GC heap before
{Heap before GC invocations=4 (full 0):
 PSYoungGen      total 38400K, used 38381K [0x00000000d5f00000, 0x00000000daa00000, 0x0000000100000000)
  eden space 33280K, 100% used [0x00000000d5f00000,0x00000000d7f80000,0x00000000d7f80000)
  from space 5120K, 99% used [0x00000000d7f80000,0x00000000d847b428,0x00000000d8480000)
  to   space 5120K, 0% used [0x00000000da500000,0x00000000da500000,0x00000000daa00000)
 ParOldGen       total 87552K, used 28931K [0x0000000081c00000, 0x0000000087180000, 0x00000000d5f00000)
  object space 87552K, 33% used [0x0000000081c00000,0x0000000083840e60,0x0000000087180000)
 Metaspace       used 14454K, capacity 14704K, committed 14848K, reserved 1062912K
  class space    used 1906K, capacity 1996K, committed 2048K, reserved 1048576K
Event: 3.483 GC heap after
Heap after GC invocations=4 (full 0):
 PSYoungGen      total 71680K, used 5096K [0x00000000d5f00000, 0x00000000daa00000, 0x0000000100000000)
  eden space 66560K, 0% used [0x00000000d5f00000,0x00000000d5f00000,0x00000000da000000)
  from space 5120K, 99% used [0x00000000da500000,0x00000000da9fa240,0x00000000daa00000)
  to   space 5120K, 0% used [0x00000000da000000,0x00000000da000000,0x00000000da500000)
 ParOldGen       total 87552K, used 30931K [0x0000000081c00000, 0x0000000087180000, 0x00000000d5f00000)
  object space 87552K, 35% used [0x0000000081c00000,0x0000000083a34e60,0x0000000087180000)
 Metaspace       used 14454K, capacity 14704K, committed 14848K, reserved 1062912K
  class space    used 1906K, capacity 1996K, committed 2048K, reserved 1048576K
}
Event: 3.582 GC heap before
{Heap before GC invocations=5 (full 0):
 PSYoungGen      total 71680K, used 71656K [0x00000000d5f00000, 0x00000000daa00000, 0x0000000100000000)
  eden space 66560K, 100% used [0x00000000d5f00000,0x00000000da000000,0x00000000da000000)
  from space 5120K, 99% used [0x00000000da500000,0x00000000da9fa240,0x00000000daa00000)
  to   space 5120K, 0% used [0x00000000da000000,0x00000000da000000,0x00000000da500000)
 ParOldGen       total 87552K, used 30931K [0x0000000081c00000, 0x0000000087180000, 0x00000000d5f00000)
  object space 87552K, 35% used [0x0000000081c00000,0x0000000083a34e60,0x0000000087180000)
 Metaspace       used 14454K, capacity 14704K, committed 14848K, reserved 1062912K
  class space    used 1906K, capacity 1996K, committed 2048K, reserved 1048576K
Event: 3.593 GC heap after
Heap after GC invocations=5 (full 0):
 PSYoungGen      total 71680K, used 5112K [0x00000000d5f00000, 0x00000000e0e00000, 0x0000000100000000)
  eden space 66560K, 0% used [0x00000000d5f00000,0x00000000d5f00000,0x00000000da000000)
  from space 5120K, 99% used [0x00000000da000000,0x00000000da4fe230,0x00000000da500000)
  to   space 23040K, 0% used [0x00000000df780000,0x00000000df780000,0x00000000e0e00000)
 ParOldGen       total 87552K, used 34850K [0x0000000081c00000, 0x0000000087180000, 0x00000000d5f00000)
  object space 87552K, 39% used [0x0000000081c00000,0x0000000083e08a90,0x0000000087180000)
 Metaspace       used 14454K, capacity 14704K, committed 14848K, reserved 1062912K
  class space    used 1906K, capacity 1996K, committed 2048K, reserved 1048576K
}
Event: 3.668 GC heap before
{Heap before GC invocations=6 (full 0):
 PSYoungGen      total 71680K, used 71672K [0x00000000d5f00000, 0x00000000e0e00000, 0x0000000100000000)
  eden space 66560K, 100% used [0x00000000d5f00000,0x00000000da000000,0x00000000da000000)
  from space 5120K, 99% used [0x00000000da000000,0x00000000da4fe230,0x00000000da500000)
  to   space 23040K, 0% used [0x00000000df780000,0x00000000df780000,0x00000000e0e00000)
 ParOldGen       total 87552K, used 34850K [0x0000000081c00000, 0x0000000087180000, 0x00000000d5f00000)
  object space 87552K, 39% used [0x0000000081c00000,0x0000000083e08a90,0x0000000087180000)
 Metaspace       used 14454K, capacity 14704K, committed 14848K, reserved 1062912K
  class space    used 1906K, capacity 1996K, committed 2048K, reserved 1048576K
Event: 3.680 GC heap after
Heap after GC invocations=6 (full 0):
 PSYoungGen      total 154112K, used 9167K [0x00000000d5f00000, 0x00000000e0c00000, 0x0000000100000000)
  eden space 133120K, 0% used [0x00000000d5f00000,0x00000000d5f00000,0x00000000de100000)
  from space 20992K, 43% used [0x00000000df780000,0x00000000e0073e60,0x00000000e0c00000)
  to   space 22016K, 0% used [0x00000000de100000,0x00000000de100000,0x00000000df680000)
 ParOldGen       total 87552K, used 34858K [0x0000000081c00000, 0x0000000087180000, 0x00000000d5f00000)
  object space 87552K, 39% used [0x0000000081c00000,0x0000000083e0aa90,0x0000000087180000)
 Metaspace       used 14454K, capacity 14704K, committed 14848K, reserved 1062912K
  class space    used 1906K, capacity 1996K, committed 2048K, reserved 1048576K
}
Event: 4.257 GC heap before
{Heap before GC invocations=7 (full 0):
 PSYoungGen      total 154112K, used 142287K [0x00000000d5f00000, 0x00000000e0c00000, 0x0000000100000000)
  eden space 133120K, 100% used [0x00000000d5f00000,0x00000000de100000,0x00000000de100000)
  from space 20992K, 43% used [0x00000000df780000,0x00000000e0073e60,0x00000000e0c00000)
  to   space 22016K, 0% used [0x00000000de100000,0x00000000de100000,0x00000000df680000)
 ParOldGen       total 87552K, used 34858K [0x0000000081c00000, 0x0000000087180000, 0x00000000d5f00000)
  object space 87552K, 39% used [0x0000000081c00000,0x0000000083e0aa90,0x0000000087180000)
 Metaspace       used 17214K, capacity 17370K, committed 17664K, reserved 1064960K
  class space    used 2165K, capacity 2222K, committed 2304K, reserved 1048576K
Event: 4.276 GC heap after
Heap after GC invocations=7 (full 0):
 PSYoungGen      total 155136K, used 21870K [0x00000000d5f00000, 0x00000000e0c00000, 0x0000000100000000)
  eden space 133120K, 0% used [0x00000000d5f00000,0x00000000d5f00000,0x00000000de100000)
  from space 22016K, 99% used [0x00000000de100000,0x00000000df65b8d0,0x00000000df680000)
  to   space 20992K, 0% used [0x00000000df780000,0x00000000df780000,0x00000000e0c00000)
 ParOldGen       total 87552K, used 38193K [0x0000000081c00000, 0x0000000087180000, 0x00000000d5f00000)
  object space 87552K, 43% used [0x0000000081c00000,0x000000008414c5f0,0x0000000087180000)
 Metaspace       used 17214K, capacity 17370K, committed 17664K, reserved 1064960K
  class space    used 2165K, capacity 2222K, committed 2304K, reserved 1048576K
}

