# JRE version: Java(TM) SE Runtime Environment (8.0_191-b12) (build 1.8.0_191-b12)
# Java VM: Java HotSpot(TM) 64-Bit Server VM (25.191-b12 mixed mode windows-amd64 compressed oops)
Heap:
 PSYoungGen      total 292352K, used 31223K [0x00000000d5f00000, 0x00000000f4e00000, 0x0000000100000000)
  eden space 259584K, 10% used [0x00000000d5f00000,0x00000000d7a83cb0,0x00000000e5c80000)
  from space 32768K, 9% used [0x00000000e5c80000,0x00000000e5f7a0a0,0x00000000e7c80000)
  to   space 45568K, 0% used [0x00000000f2180000,0x00000000f2180000,0x00000000f4e00000)
 ParOldGen       total 148480K, used 89392K [0x0000000081c00000, 0x000000008ad00000, 0x00000000d5f00000)
  object space 148480K, 60% used [0x0000000081c00000,0x000000008734c308,0x000000008ad00000)
 Metaspace       used 17816K, capacity 18026K, committed 18176K, reserved 1064960K
  class space    used 2176K, capacity 2254K, committed 2304K, reserved 1048576K
GC Heap History (10 events):
Event: 25.438 GC heap before
{Heap before GC invocations=6 (full 0):
 PSYoungGen      total 71680K, used 71680K [0x00000000d5f00000, 0x00000000e1500000, 0x0000000100000000)
  eden space 66560K, 100% used [0x00000000d5f00000,0x00000000da000000,0x00000000da000000)
  from space 5120K, 100% used [0x00000000da000000,0x00000000da500000,0x00000000da500000)
  to   space 26624K, 0% used [0x00000000dfb00000,0x00000000dfb00000,0x00000000e1500000)
 ParOldGen       total 87552K, used 59845K [0x0000000081c00000, 0x0000000087180000, 0x00000000d5f00000)
  object space 87552K, 68% used [0x0000000081c00000,0x0000000085671550,0x0000000087180000)
 Metaspace       used 14807K, capacity 15008K, committed 15360K, reserved 1062912K
  class space    used 1913K, capacity 1996K, committed 2048K, reserved 1048576K
Event: 25.452 GC heap after
Heap after GC invocations=6 (full 0):
 PSYoungGen      total 159232K, used 9101K [0x00000000d5f00000, 0x00000000e1600000, 0x0000000100000000)
  eden space 132608K, 0% used [0x00000000d5f00000,0x00000000d5f00000,0x00000000de080000)
  from space 26624K, 34% used [0x00000000dfb00000,0x00000000e03e37d8,0x00000000e1500000)
  to   space 27136K, 0% used [0x00000000de080000,0x00000000de080000,0x00000000dfb00000)
 ParOldGen       total 87552K, used 59845K [0x0000000081c00000, 0x0000000087180000, 0x00000000d5f00000)
  object space 87552K, 68% used [0x0000000081c00000,0x0000000085671550,0x0000000087180000)
 Metaspace       used 14807K, capacity 15008K, committed 15360K, reserved 1062912K
  class space    used 1913K, capacity 1996K, committed 2048K, reserved 1048576K
}
Event: 26.145 GC heap before
{Heap before GC invocations=7 (full 0):
 PSYoungGen      total 159232K, used 141709K [0x00000000d5f00000, 0x00000000e1600000, 0x0000000100000000)
  eden space 132608K, 100% used [0x00000000d5f00000,0x00000000de080000,0x00000000de080000)
  from space 26624K, 34% used [0x00000000dfb00000,0x00000000e03e37d8,0x00000000e1500000)
  to   space 27136K, 0% used [0x00000000de080000,0x00000000de080000,0x00000000dfb00000)
 ParOldGen       total 87552K, used 59845K [0x0000000081c00000, 0x0000000087180000, 0x00000000d5f00000)
  object space 87552K, 68% used [0x0000000081c00000,0x0000000085671550,0x0000000087180000)
 Metaspace       used 17560K, capacity 17738K, committed 17920K, reserved 1064960K
  class space    used 2169K, capacity 2222K, committed 2304K, reserved 1048576K
Event: 26.168 GC heap after
Heap after GC invocations=7 (full 0):
 PSYoungGen      total 159744K, used 19096K [0x00000000d5f00000, 0x00000000e9700000, 0x0000000100000000)
  eden space 132608K, 0% used [0x00000000d5f00000,0x00000000d5f00000,0x00000000de080000)
  from space 27136K, 70% used [0x00000000de080000,0x00000000df3263f8,0x00000000dfb00000)
  to   space 27136K, 0% used [0x00000000e7c80000,0x00000000e7c80000,0x00000000e9700000)
 ParOldGen       total 87552K, used 62637K [0x0000000081c00000, 0x0000000087180000, 0x00000000d5f00000)
  object space 87552K, 71% used [0x0000000081c00000,0x000000008592b550,0x0000000087180000)
 Metaspace       used 17560K, capacity 17738K, committed 17920K, reserved 1064960K
  class space    used 2169K, capacity 2222K, committed 2304K, reserved 1048576K
}
Event: 26.281 GC heap before
{Heap before GC invocations=8 (full 0):
 PSYoungGen      total 159744K, used 151704K [0x00000000d5f00000, 0x00000000e9700000, 0x0000000100000000)
  eden space 132608K, 100% used [0x00000000d5f00000,0x00000000de080000,0x00000000de080000)
  from space 27136K, 70% used [0x00000000de080000,0x00000000df3263f8,0x00000000dfb00000)
  to   space 27136K, 0% used [0x00000000e7c80000,0x00000000e7c80000,0x00000000e9700000)
 ParOldGen       total 87552K, used 62637K [0x0000000081c00000, 0x0000000087180000, 0x00000000d5f00000)
  object space 87552K, 71% used [0x0000000081c00000,0x000000008592b550,0x0000000087180000)
 Metaspace       used 17563K, capacity 17738K, committed 17920K, reserved 1064960K
  class space    used 2169K, capacity 2222K, committed 2304K, reserved 1048576K
Event: 26.312 GC heap after
Heap after GC invocations=8 (full 0):
 PSYoungGen      total 286720K, used 27130K [0x00000000d5f00000, 0x00000000ea200000, 0x0000000100000000)
  eden space 259584K, 0% used [0x00000000d5f00000,0x00000000d5f00000,0x00000000e5c80000)
  from space 27136K, 99% used [0x00000000e7c80000,0x00000000e96fe938,0x00000000e9700000)
  to   space 32768K, 0% used [0x00000000e5c80000,0x00000000e5c80000,0x00000000e7c80000)
 ParOldGen       total 87552K, used 67262K [0x0000000081c00000, 0x0000000087180000, 0x00000000d5f00000)
  object space 87552K, 76% used [0x0000000081c00000,0x0000000085daf850,0x0000000087180000)
 Metaspace       used 17563K, capacity 17738K, committed 17920K, reserved 1064960K
  class space    used 2169K, capacity 2222K, committed 2304K, reserved 1048576K
}
Event: 26.472 GC heap before
{Heap before GC invocations=9 (full 0):
 PSYoungGen      total 286720K, used 286714K [0x00000000d5f00000, 0x00000000ea200000, 0x0000000100000000)
  eden space 259584K, 100% used [0x00000000d5f00000,0x00000000e5c80000,0x00000000e5c80000)
  from space 27136K, 99% used [0x00000000e7c80000,0x00000000e96fe938,0x00000000e9700000)
  to   space 32768K, 0% used [0x00000000e5c80000,0x00000000e5c80000,0x00000000e7c80000)
 ParOldGen       total 87552K, used 67262K [0x0000000081c00000, 0x0000000087180000, 0x00000000d5f00000)
  object space 87552K, 76% used [0x0000000081c00000,0x0000000085daf850,0x0000000087180000)
 Metaspace       used 17563K, capacity 17738K, committed 17920K, reserved 1064960K
  class space    used 2169K, capacity 2222K, committed 2304K, reserved 1048576K
Event: 26.521 GC heap after
Heap after GC invocations=9 (full 0):
 PSYoungGen      total 292352K, used 32748K [0x00000000d5f00000, 0x00000000f4e00000, 0x0000000100000000)
  eden space 259584K, 0% used [0x00000000d5f00000,0x00000000d5f00000,0x00000000e5c80000)
  from space 32768K, 99% used [0x00000000e5c80000,0x00000000e7c7b138,0x00000000e7c80000)
  to   space 45568K, 0% used [0x00000000f2180000,0x00000000f2180000,0x00000000f4e00000)
 ParOldGen       total 89600K, used 88893K [0x0000000081c00000, 0x0000000087380000, 0x00000000d5f00000)
  object space 89600K, 99% used [0x0000000081c00000,0x00000000872cf480,0x0000000087380000)
 Metaspace       used 17563K, capacity 17738K, committed 17920K, reserved 1064960K
  class space    used 2169K, capacity 2222K, committed 2304K, reserved 1048576K
}
Event: 26.521 GC heap before
{Heap before GC invocations=10 (full 1):
 PSYoungGen      total 292352K, used 32748K [0x00000000d5f00000, 0x00000000f4e00000, 0x0000000100000000)
  eden space 259584K, 0% used [0x00000000d5f00000,0x00000000d5f00000,0x00000000e5c80000)
  from space 32768K, 99% used [0x00000000e5c80000,0x00000000e7c7b138,0x00000000e7c80000)
  to   space 45568K, 0% used [0x00000000f2180000,0x00000000f2180000,0x00000000f4e00000)
 ParOldGen       total 89600K, used 88893K [0x0000000081c00000, 0x0000000087380000, 0x00000000d5f00000)
  object space 89600K, 99% used [0x0000000081c00000,0x00000000872cf480,0x0000000087380000)
 Metaspace       used 17563K, capacity 17738K, committed 17920K, reserved 1064960K
  class space    used 2169K, capacity 2222K, committed 2304K, reserved 1048576K
Event: 26.767 GC heap after
Heap after GC invocations=10 (full 1):
 PSYoungGen      total 292352K, used 3048K [0x00000000d5f00000, 0x00000000f4e00000, 0x0000000100000000)
  eden space 259584K, 0% used [0x00000000d5f00000,0x00000000d5f00000,0x00000000e5c80000)
  from space 32768K, 9% used [0x00000000e5c80000,0x00000000e5f7a0a0,0x00000000e7c80000)
  to   space 45568K, 0% used [0x00000000f2180000,0x00000000f2180000,0x00000000f4e00000)
 ParOldGen       total 148480K, used 89392K [0x0000000081c00000, 0x000000008ad00000, 0x00000000d5f00000)
  object space 148480K, 60% used [0x0000000081c00000,0x000000008734c308,0x000000008ad00000)
 Metaspace       used 17563K, capacity 17738K, committed 17920K, reserved 1064960K
  class space    used 2169K, capacity 2222K, committed 2304K, reserved 1048576K
}

